<?xml version="1.0" encoding="UTF-8"?>
<!-- Generated by org.testng.reporters.JUnitXMLReporter -->
<testsuite ignored="1" hostname="Prashant" failures="0" tests="1" name="ChromeTest" time="4.948" errors="0" timestamp="2025-03-04T01:56:56 IST">
  <testcase classname="TestcasesByEpics.Test_01" name="testReadExcelAndPrintOnConsole" time="1.054"/>
  <testcase classname="TestcasesByEpics.Test_01" name="testValidLogin" time="0.0">
    <ignored/>
  </testcase> <!-- testValidLogin -->
</testsuite> <!-- ChromeTest -->
