<?xml version="1.0" encoding="UTF-8"?>
<testng-results ignored="0" total="1" passed="1" failed="0" skipped="0">
  <reporter-output>
  </reporter-output>
  <suite started-at="2025-03-02T01:40:43 IST" name="Suite" finished-at="2025-03-02T01:40:56 IST" duration-ms="13148">
    <groups>
      <group name="Regression">
        <method signature="HomePage.homePageLogin()[pri:0, instance:PageObjects.HomePage@49438269]" name="homePageLogin" class="PageObjects.HomePage"/>
      </group> <!-- Regression -->
      <group name="Smoke">
        <method signature="HomePage.homePageLogin()[pri:0, instance:PageObjects.HomePage@49438269]" name="homePageLogin" class="PageObjects.HomePage"/>
      </group> <!-- Smoke -->
    </groups>
    <test started-at="2025-03-02T01:40:43 IST" name="ChromeTest" finished-at="2025-03-02T01:40:56 IST" duration-ms="13148">
      <class name="PageObjects.HomePage">
        <test-method is-config="true" signature="setup(java.lang.String)[pri:0, instance:PageObjects.HomePage@49438269]" started-at="2025-03-02T01:40:43 IST" name="setup" finished-at="2025-03-02T01:40:49 IST" duration-ms="6083" status="PASS">
          <params>
            <param index="0">
              <value>
                <![CDATA[chrome]]>
              </value>
            </param>
          </params>
          <reporter-output>
          </reporter-output>
        </test-method> <!-- setup -->
        <test-method signature="homePageLogin()[pri:0, instance:PageObjects.HomePage@49438269]" started-at="2025-03-02T01:40:49 IST" name="homePageLogin" description="Login to HomePage" finished-at="2025-03-02T01:40:56 IST" duration-ms="6541" status="PASS">
          <reporter-output>
          </reporter-output>
        </test-method> <!-- homePageLogin -->
        <test-method is-config="true" signature="teardown()[pri:0, instance:PageObjects.HomePage@49438269]" started-at="2025-03-02T01:40:56 IST" name="teardown" finished-at="2025-03-02T01:40:56 IST" duration-ms="458" status="PASS">
          <reporter-output>
          </reporter-output>
        </test-method> <!-- teardown -->
      </class> <!-- PageObjects.HomePage -->
    </test> <!-- ChromeTest -->
  </suite> <!-- Suite -->
</testng-results>
